http://dotd.shurain.net/2017-01-08 제약과 탐색
http://dotd.shurain.net/2016-05-23 Akrasia
http://dotd.shurain.net/2015-03-05 Object Oriented Programming
http://dotd.shurain.net/2015-03-03 Specialization
http://dotd.shurain.net/2015-03-02 핵심 2
http://dotd.shurain.net/2015-03-01 자원 예상
http://dotd.shurain.net/2015-02-28 관측 가능
http://dotd.shurain.net/2015-02-27 훔치기
http://dotd.shurain.net/2015-02-26 Delivery
http://dotd.shurain.net/2015-02-25 Simplicity
http://dotd.shurain.net/2015-02-24 100
http://dotd.shurain.net/2015-02-23 Unix Philosophy
http://dotd.shurain.net/2015-02-22 Problem Specification
http://dotd.shurain.net/2015-02-21 Heuristic and Pattern
http://dotd.shurain.net/2015-02-20 Evolution
http://dotd.shurain.net/2015-02-19 Bayesian Model Selection
http://dotd.shurain.net/2015-02-18 Laziness
http://dotd.shurain.net/2015-02-17 스터디
http://dotd.shurain.net/2015-02-16 Prototyping
http://dotd.shurain.net/2015-02-15 Enactive, Iconinc, Symbolic
http://dotd.shurain.net/2015-02-14 Motivation
http://dotd.shurain.net/2015-02-13 Model of Reality
http://dotd.shurain.net/2015-02-12 Kolmogorov Complexity
http://dotd.shurain.net/2015-02-11 Occam's Razor
http://dotd.shurain.net/2015-02-10 Flow
http://dotd.shurain.net/2015-02-09 일화의 일반화
http://dotd.shurain.net/2015-02-08 작은 성공
http://dotd.shurain.net/2015-02-07 Reference
http://dotd.shurain.net/2015-02-06 Spaced Repetition
http://dotd.shurain.net/2015-02-05 지식과 생산성
http://dotd.shurain.net/2015-02-04 언어와 생각
http://dotd.shurain.net/2015-02-03 글쓰기 관찰
http://dotd.shurain.net/2015-02-02 생각의 도구
http://dotd.shurain.net/2015-02-01 How and Why
http://dotd.shurain.net/2015-01-31 Generalization
http://dotd.shurain.net/2015-01-30 Throw Away
http://dotd.shurain.net/2015-01-29 혼란
http://dotd.shurain.net/2015-01-28 High Standards
http://dotd.shurain.net/2015-01-27 Fact and Fiction
http://dotd.shurain.net/2015-01-26 Journaling
http://dotd.shurain.net/2015-01-25 Structured Procrastination
http://dotd.shurain.net/2015-01-24 미루기와 행동
http://dotd.shurain.net/2015-01-23 Explain Yourself
http://dotd.shurain.net/2015-01-22 행동과 애자일
http://dotd.shurain.net/2015-01-21 노력과 공부
http://dotd.shurain.net/2015-01-20 실수
http://dotd.shurain.net/2015-01-19 Friction
http://dotd.shurain.net/2015-01-18 Inbox
http://dotd.shurain.net/2015-01-17 The Principle of the Single Big Jump
http://dotd.shurain.net/2015-01-16 모델과 놀라움
http://dotd.shurain.net/2015-01-15 기계학습과 정보이론
http://dotd.shurain.net/2015-01-14 On Learning
http://dotd.shurain.net/2015-01-13 자기개발서
http://dotd.shurain.net/2015-01-12 혼자서 공부하기
http://dotd.shurain.net/2015-01-11 생산성 도구
http://dotd.shurain.net/2015-01-10 수학
http://dotd.shurain.net/2015-01-09 환경과 습관
http://dotd.shurain.net/2015-01-08 핵심
http://dotd.shurain.net/2015-01-07 Lifelogging
http://dotd.shurain.net/2015-01-06 설정 놀음
http://dotd.shurain.net/2015-01-05 그늘
http://dotd.shurain.net/2015-01-04 독서
http://dotd.shurain.net/2015-01-03 질문과 답변
http://dotd.shurain.net/2015-01-02 Hubris
http://dotd.shurain.net/2015-01-01 복기
http://dotd.shurain.net/2014-12-31 Ruthless Truth
http://dotd.shurain.net/2014-12-30 Variance
http://dotd.shurain.net/2014-12-29 자원의 식별 및 관리
http://dotd.shurain.net/2014-12-28 No one cares
http://dotd.shurain.net/2014-12-27 하루의 반성
http://dotd.shurain.net/2014-12-26 Source of Feedback
http://dotd.shurain.net/2014-12-25 Feedback
http://dotd.shurain.net/2014-12-24 도구 - Github
http://dotd.shurain.net/2014-12-23 스승과 제자
http://dotd.shurain.net/2014-12-22 멘토링
http://dotd.shurain.net/2014-12-21 전략
http://dotd.shurain.net/2014-12-20 Prioritize
http://dotd.shurain.net/2014-12-19 독후감
http://dotd.shurain.net/2014-12-18 느긋함과 꾸준함
http://dotd.shurain.net/2014-12-17 Stepwise Refinement
http://dotd.shurain.net/2014-12-16 이해
http://dotd.shurain.net/2014-12-15 Integrity
http://dotd.shurain.net/2014-12-14 작은 시작
http://dotd.shurain.net/2014-12-13 작업 기록
http://dotd.shurain.net/2014-12-12 일상의 시스템
http://dotd.shurain.net/2014-12-11 생각의 변화
http://dotd.shurain.net/2014-12-10 같은 내용을 반복해서 전달하기
http://dotd.shurain.net/2014-12-09 Sense of Relevancy
http://dotd.shurain.net/2014-12-08 캐시된 판단
http://dotd.shurain.net/2014-12-07 Metamorphosis
http://dotd.shurain.net/2014-12-06 과학적 방법론과 질문에 대한 답변
http://dotd.shurain.net/2014-12-05 견지망월
http://dotd.shurain.net/2014-12-04 Autopilot
http://dotd.shurain.net/2014-12-03 장서와 독서
http://dotd.shurain.net/2014-12-02 자연, 진화, 공학
http://dotd.shurain.net/2014-12-01 의식적인 노력
http://dotd.shurain.net/2014-11-30 메타 전략으로서의 정체성
http://dotd.shurain.net/2014-11-29 도구 - VIM macros
http://dotd.shurain.net/2014-11-28 정체성과 가치
http://dotd.shurain.net/2014-11-27 개선의 욕구 - 게이밍
http://dotd.shurain.net/2014-11-26 추상화 레벨을 넘나들기
http://dotd.shurain.net/2014-11-25 프로그래밍과 복잡도
http://dotd.shurain.net/2014-11-24 도구 - LaTeX
http://dotd.shurain.net/2014-11-23 Pebble
http://dotd.shurain.net/2014-11-22 Value Statement
http://dotd.shurain.net/2014-11-21 집합과 나열 그리고 스토리
http://dotd.shurain.net/2014-11-20 생각 정리로서의 글쓰기
http://dotd.shurain.net/2014-11-19b 교육과 행복
http://dotd.shurain.net/2014-11-19a 문제 접근 방법
http://dotd.shurain.net/2014-11-18 Bayesian vs Frequentist
